2023-02-17 14:12:03.1513|0|INFO|TBCTask.Services.PersonService|Creating Person |url: |action: |TBCTask.Services.PersonService.Add
2023-02-17 14:13:23.8928|0|ERROR|TBCTask.Infrastructure.Repositories.BaseRepository`1|UpdateAsync Method System.ArgumentException: The key value at position 0 of the call to 'DbSet<Person>.Find' was of type 'Person', which does not match the property type of 'int'.
   at Microsoft.EntityFrameworkCore.Internal.EntityFinder`1.FindTracked(IKey key, Object[] keyValues)
   at Microsoft.EntityFrameworkCore.Internal.EntityFinder`1.FindAsync(Object[] keyValues, CancellationToken cancellationToken)
   at Microsoft.EntityFrameworkCore.Internal.InternalDbSet`1.FindAsync(Object[] keyValues)
   at TBCTask.Infrastructure.Repositories.BaseRepository`1.IsExist(T entity) in /Users/macbook/RiderProjects/TBCTask.API/TBCTask.Infrastructure/Repositories/BaseRepository.cs:line 25
   at TBCTask.Infrastructure.Repositories.BaseRepository`1.UpdateAsync(T entity) in /Users/macbook/RiderProjects/TBCTask.API/TBCTask.Infrastructure/Repositories/BaseRepository.cs:line 70|url: |action: |TBCTask.Infrastructure.Repositories.BaseRepository`1.UpdateAsync
2023-02-17 14:14:27.7270|0|ERROR|TBCTask.Infrastructure.Repositories.BaseRepository`1|UpdateAsync Method System.ArgumentException: The key value at position 0 of the call to 'DbSet<Person>.Find' was of type 'Person', which does not match the property type of 'int'.
   at Microsoft.EntityFrameworkCore.Internal.EntityFinder`1.FindTracked(IKey key, Object[] keyValues)
   at Microsoft.EntityFrameworkCore.Internal.EntityFinder`1.FindAsync(Object[] keyValues, CancellationToken cancellationToken)
   at Microsoft.EntityFrameworkCore.Internal.InternalDbSet`1.FindAsync(Object[] keyValues)
   at TBCTask.Infrastructure.Repositories.BaseRepository`1.IsExist(T entity) in /Users/macbook/RiderProjects/TBCTask.API/TBCTask.Infrastructure/Repositories/BaseRepository.cs:line 25
   at TBCTask.Infrastructure.Repositories.BaseRepository`1.UpdateAsync(T entity) in /Users/macbook/RiderProjects/TBCTask.API/TBCTask.Infrastructure/Repositories/BaseRepository.cs:line 70|url: |action: |TBCTask.Infrastructure.Repositories.BaseRepository`1.UpdateAsync
2023-02-17 14:25:54.5094|0|ERROR|TBCTask.Infrastructure.Repositories.BaseRepository`1|UpdateAsync Method System.InvalidOperationException: A second operation was started on this context instance before a previous operation completed. This is usually caused by different threads concurrently using the same instance of DbContext. For more information on how to avoid threading issues with DbContext, see https://go.microsoft.com/fwlink/?linkid=2097913.
   at Microsoft.EntityFrameworkCore.Infrastructure.Internal.ConcurrencyDetector.EnterCriticalSection()
   at Microsoft.EntityFrameworkCore.ChangeTracking.Internal.StateManager.SaveChangesAsync(IList`1 entriesToSave, CancellationToken cancellationToken)
   at Microsoft.EntityFrameworkCore.ChangeTracking.Internal.StateManager.SaveChangesAsync(StateManager stateManager, Boolean acceptAllChangesOnSuccess, CancellationToken cancellationToken)
   at Microsoft.EntityFrameworkCore.SqlServer.Storage.Internal.SqlServerExecutionStrategy.ExecuteAsync[TState,TResult](TState state, Func`4 operation, Func`4 verifySucceeded, CancellationToken cancellationToken)
   at Microsoft.EntityFrameworkCore.DbContext.SaveChangesAsync(Boolean acceptAllChangesOnSuccess, CancellationToken cancellationToken)
   at Microsoft.EntityFrameworkCore.DbContext.SaveChangesAsync(Boolean acceptAllChangesOnSuccess, CancellationToken cancellationToken)
   at TBCTask.Infrastructure.Repositories.BaseRepository`1.UpdateAsync(T entity, Int32 ID) in /Users/macbook/RiderProjects/TBCTask.API/TBCTask.Infrastructure/Repositories/BaseRepository.cs:line 73|url: |action: |TBCTask.Infrastructure.Repositories.BaseRepository`1.UpdateAsync
2023-02-17 14:30:29.6682|0|ERROR|TBCTask.Infrastructure.Repositories.BaseRepository`1|UpdateAsync Method System.InvalidOperationException: A second operation was started on this context instance before a previous operation completed. This is usually caused by different threads concurrently using the same instance of DbContext. For more information on how to avoid threading issues with DbContext, see https://go.microsoft.com/fwlink/?linkid=2097913.
   at Microsoft.EntityFrameworkCore.Infrastructure.Internal.ConcurrencyDetector.EnterCriticalSection()
   at Microsoft.EntityFrameworkCore.ChangeTracking.Internal.StateManager.SaveChangesAsync(IList`1 entriesToSave, CancellationToken cancellationToken)
   at Microsoft.EntityFrameworkCore.ChangeTracking.Internal.StateManager.SaveChangesAsync(StateManager stateManager, Boolean acceptAllChangesOnSuccess, CancellationToken cancellationToken)
   at Microsoft.EntityFrameworkCore.SqlServer.Storage.Internal.SqlServerExecutionStrategy.ExecuteAsync[TState,TResult](TState state, Func`4 operation, Func`4 verifySucceeded, CancellationToken cancellationToken)
   at Microsoft.EntityFrameworkCore.DbContext.SaveChangesAsync(Boolean acceptAllChangesOnSuccess, CancellationToken cancellationToken)
   at Microsoft.EntityFrameworkCore.DbContext.SaveChangesAsync(Boolean acceptAllChangesOnSuccess, CancellationToken cancellationToken)
   at TBCTask.Infrastructure.Repositories.BaseRepository`1.UpdateAsync(T entity, Int32 ID) in /Users/macbook/RiderProjects/TBCTask.API/TBCTask.Infrastructure/Repositories/BaseRepository.cs:line 73|url: |action: |TBCTask.Infrastructure.Repositories.BaseRepository`1.UpdateAsync
2023-02-17 14:31:40.9047|0|ERROR|TBCTask.Infrastructure.Repositories.BaseRepository`1|UpdateAsync Method System.InvalidOperationException: The instance of entity type 'Person' cannot be tracked because another instance with the same key value for {'ID'} is already being tracked. When attaching existing entities, ensure that only one entity instance with a given key value is attached. Consider using 'DbContextOptionsBuilder.EnableSensitiveDataLogging' to see the conflicting key values.
   at Microsoft.EntityFrameworkCore.ChangeTracking.Internal.IdentityMap`1.ThrowIdentityConflict(InternalEntityEntry entry)
   at Microsoft.EntityFrameworkCore.ChangeTracking.Internal.IdentityMap`1.Add(TKey key, InternalEntityEntry entry, Boolean updateDuplicate)
   at Microsoft.EntityFrameworkCore.ChangeTracking.Internal.IdentityMap`1.Add(TKey key, InternalEntityEntry entry)
   at Microsoft.EntityFrameworkCore.ChangeTracking.Internal.IdentityMap`1.Add(InternalEntityEntry entry)
   at Microsoft.EntityFrameworkCore.ChangeTracking.Internal.StateManager.StartTracking(InternalEntityEntry entry)
   at Microsoft.EntityFrameworkCore.ChangeTracking.Internal.InternalEntityEntry.SetEntityState(EntityState oldState, EntityState newState, Boolean acceptChanges, Boolean modifyProperties)
   at Microsoft.EntityFrameworkCore.ChangeTracking.Internal.InternalEntityEntry.SetEntityState(EntityState entityState, Boolean acceptChanges, Boolean modifyProperties, Nullable`1 forceStateWhenUnknownKey, Nullable`1 fallbackState)
   at Microsoft.EntityFrameworkCore.ChangeTracking.Internal.EntityGraphAttacher.PaintAction(EntityEntryGraphNode`1 node)
   at Microsoft.EntityFrameworkCore.ChangeTracking.Internal.EntityEntryGraphIterator.TraverseGraph[TState](EntityEntryGraphNode`1 node, Func`2 handleNode)
   at Microsoft.EntityFrameworkCore.ChangeTracking.Internal.EntityGraphAttacher.AttachGraph(InternalEntityEntry rootEntry, EntityState targetState, EntityState storeGeneratedWithKeySetTargetState, Boolean forceStateWhenUnknownKey)
   at Microsoft.EntityFrameworkCore.Internal.InternalDbSet`1.SetEntityState(InternalEntityEntry entry, EntityState entityState)
   at Microsoft.EntityFrameworkCore.Internal.InternalDbSet`1.Update(TEntity entity)
   at TBCTask.Infrastructure.Repositories.BaseRepository`1.UpdateAsync(T entity, Int32 ID) in /Users/macbook/RiderProjects/TBCTask.API/TBCTask.Infrastructure/Repositories/BaseRepository.cs:line 72|url: |action: |TBCTask.Infrastructure.Repositories.BaseRepository`1.UpdateAsync
2023-02-17 16:04:51.2906|0|INFO|TBCTask.Services.PersonService|Creating Person |url: |action: |TBCTask.Services.PersonService.AddPerson
2023-02-17 16:04:51.6234|0|ERROR|TBCTask.Services.PersonService|Add Person Method System.FormatException: The input string 'string' was not in a correct format.
   at System.Number.ThrowOverflowOrFormatException(ParsingStatus status, ReadOnlySpan`1 value, TypeCode type)
   at System.Convert.ToInt16(String value)
   at TBCTask.Services.PersonService.ModelToPerson(PersonModel model) in /Users/macbook/RiderProjects/TBCTask.API/TBCTask.Services/PersonService.cs:line 69
   at TBCTask.Services.PersonService.AddPerson(PersonModel entity) in /Users/macbook/RiderProjects/TBCTask.API/TBCTask.Services/PersonService.cs:line 198|url: |action: |TBCTask.Services.PersonService.AddPerson
2023-02-17 16:05:12.8991|0|INFO|TBCTask.Services.PersonService|Creating Person |url: |action: |TBCTask.Services.PersonService.AddPerson
2023-02-17 16:06:08.6074|0|INFO|TBCTask.Services.PersonService|Creating Person |url: |action: |TBCTask.Services.PersonService.AddPerson
2023-02-17 16:06:35.0881|0|INFO|TBCTask.Services.PersonService|Creating Person |url: |action: |TBCTask.Services.PersonService.AddPerson
2023-02-17 17:40:04.9601|0|INFO|TBCTask.Services.RelatedPersonService|Creating Related Person |url: |action: |TBCTask.Services.RelatedPersonService.AddRelatedPerson
2023-02-17 22:45:57.6602|0|ERROR|TBCTask.Services.PersonService|Add Person Method System.FormatException: The string 'string' was not recognized as a valid DateTime. There is an unknown word starting at index '0'.
   at System.Convert.ToDateTime(String value)
   at lambda_method17(Closure, PersonModel)
   at FluentValidation.Internal.PropertyRule`2.<>c__DisplayClass1_0.<Create>b__0(T x) in /_/src/FluentValidation/Internal/PropertyRule.cs:line 43
   at FluentValidation.Internal.PropertyRule`2.<>c__DisplayClass4_0.<ValidateAsync>b__0() in /_/src/FluentValidation/Internal/PropertyRule.cs:line 119
   at System.Lazy`1.ViaFactory(LazyThreadSafetyMode mode)
   at System.Lazy`1.CreateValue()
   at System.Lazy`1.get_Value()
   at FluentValidation.Internal.PropertyRule`2.ValidateAsync(ValidationContext`1 context, Boolean useAsync, CancellationToken cancellation) in /_/src/FluentValidation/Internal/PropertyRule.cs:line 143
   at FluentValidation.AbstractValidator`1.ValidateInternalAsync(ValidationContext`1 context, Boolean useAsync, CancellationToken cancellation) in /_/src/FluentValidation/AbstractValidator.cs:line 239
   at FluentValidation.AbstractValidator`1.Validate(ValidationContext`1 context) in /_/src/FluentValidation/AbstractValidator.cs:line 202
   at FluentValidation.AbstractValidator`1.Validate(T instance) in /_/src/FluentValidation/AbstractValidator.cs:line 167
   at TBCTask.Services.PersonService.AddPerson(PersonModel entity) in /Users/macbook/RiderProjects/TBCTask.API/TBCTask.Services/PersonService.cs:line 179|url: |action: |TBCTask.Services.PersonService.AddPerson
